<?xml version="1.0" encoding="UTF-8"?>
<!-- Generated by org.testng.reporters.JUnitReportReporter -->
<testsuite skipped="0" hostname="FI-VDI-E0000015" name="testPackage.TestNGUsage" tests="2" failures="0" timestamp="01 elokuuta 2017 10:02:05 GMT" time="0.002" errors="0">
  <testcase name="testNGUsage" time="0.002" classname="testPackage.TestNGUsage"/>
  <testcase name="testNGUsage" time="0.000" classname="testPackage.TestNGUsage"/>
</testsuite> <!-- testPackage.TestNGUsage -->
